TN:
SF:app.js
FN:18,(anonymous_0)
FN:21,(anonymous_1)
FNF:2
FNH:1
FNDA:1,(anonymous_0)
FNDA:0,(anonymous_1)
DA:1,1
DA:2,1
DA:3,1
DA:4,1
DA:5,1
DA:6,1
DA:7,1
DA:8,1
DA:9,1
DA:10,1
DA:12,1
DA:14,1
DA:16,1
DA:19,1
DA:22,0
DA:25,1
DA:26,1
DA:27,1
DA:28,1
DA:30,1
DA:31,1
DA:32,1
DA:34,1
DA:35,1
DA:37,1
LF:25
LH:24
BRF:0
BRH:0
end_of_record
TN:
SF:controllers/blogList.js
FN:6,(anonymous_0)
FN:12,(anonymous_1)
FN:42,(anonymous_2)
FN:57,(anonymous_3)
FN:74,(anonymous_4)
FNF:5
FNH:0
FNDA:0,(anonymous_0)
FNDA:0,(anonymous_1)
FNDA:0,(anonymous_2)
FNDA:0,(anonymous_3)
FNDA:0,(anonymous_4)
DA:1,1
DA:2,1
DA:3,1
DA:6,1
DA:7,0
DA:8,0
DA:12,1
DA:13,0
DA:14,0
DA:16,0
DA:18,0
DA:23,0
DA:24,0
DA:30,0
DA:31,0
DA:34,0
DA:35,0
DA:36,0
DA:38,0
DA:42,1
DA:43,0
DA:45,0
DA:49,0
DA:53,0
DA:57,1
DA:58,0
DA:60,0
DA:61,0
DA:63,0
DA:65,0
DA:66,0
DA:68,0
DA:74,1
DA:75,0
DA:76,0
DA:77,0
DA:79,0
DA:80,0
DA:81,0
DA:85,1
LF:40
LH:9
BRDA:13,0,0,0
BRDA:13,0,1,0
BRDA:23,1,0,0
BRDA:23,1,1,0
BRDA:23,2,0,0
BRDA:23,2,1,0
BRDA:23,2,2,0
BRDA:30,3,0,0
BRDA:30,3,1,0
BRDA:60,4,0,0
BRDA:60,4,1,0
BRDA:65,5,0,0
BRDA:65,5,1,0
BRDA:79,6,0,0
BRDA:79,6,1,0
BRF:15
BRH:0
end_of_record
TN:
SF:controllers/login.js
FN:6,(anonymous_0)
FNF:1
FNH:0
FNDA:0,(anonymous_0)
DA:1,1
DA:2,1
DA:3,1
DA:4,1
DA:6,1
DA:7,0
DA:9,0
DA:11,0
DA:13,0
DA:14,0
DA:17,0
DA:22,0
DA:26,0
DA:31,1
LF:14
LH:6
BRDA:11,0,0,0
BRDA:11,0,1,0
BRDA:13,1,0,0
BRDA:13,1,1,0
BRDA:13,2,0,0
BRDA:13,2,1,0
BRF:6
BRH:0
end_of_record
TN:
SF:controllers/users.js
FN:5,(anonymous_0)
FN:8,(anonymous_1)
FN:30,(anonymous_2)
FNF:3
FNH:2
FNDA:2,(anonymous_0)
FNDA:2,(anonymous_1)
FNDA:0,(anonymous_2)
DA:1,1
DA:2,1
DA:3,1
DA:5,1
DA:6,2
DA:7,2
DA:8,2
DA:10,2
DA:11,2
DA:13,2
DA:14,1
DA:19,1
DA:25,1
DA:26,1
DA:30,1
DA:31,0
DA:37,0
DA:40,1
LF:18
LH:16
BRDA:13,0,0,1
BRDA:13,0,1,1
BRF:2
BRH:2
end_of_record
TN:
SF:models/blog.js
FN:25,(anonymous_0)
FNF:1
FNH:0
FNDA:0,(anonymous_0)
DA:1,1
DA:3,1
DA:24,1
DA:26,0
DA:27,0
DA:28,0
DA:32,1
LF:7
LH:4
BRF:0
BRH:0
end_of_record
TN:
SF:models/user.js
FN:26,(anonymous_0)
FNF:1
FNH:1
FNDA:6,(anonymous_0)
DA:1,1
DA:2,1
DA:4,1
DA:25,1
DA:27,6
DA:28,6
DA:29,6
DA:30,6
DA:34,1
DA:36,1
LF:10
LH:10
BRF:0
BRH:0
end_of_record
TN:
SF:tests/test_helper.js
FN:55,(anonymous_0)
FN:68,(anonymous_1)
FN:70,(anonymous_2)
FN:73,(anonymous_3)
FN:75,(anonymous_4)
FNF:5
FNH:2
FNDA:0,(anonymous_0)
FNDA:0,(anonymous_1)
FNDA:0,(anonymous_2)
FNDA:4,(anonymous_3)
FNDA:5,(anonymous_4)
DA:1,1
DA:2,1
DA:4,1
DA:55,1
DA:56,0
DA:62,0
DA:63,0
DA:65,0
DA:68,1
DA:69,0
DA:70,0
DA:73,1
DA:74,4
DA:75,5
DA:78,1
LF:15
LH:9
BRF:0
BRH:0
end_of_record
TN:
SF:utils/config.js
FNF:0
FNH:0
DA:1,1
DA:2,1
DA:4,1
DA:8,1
LF:4
LH:4
BRDA:4,0,0,1
BRDA:4,0,1,0
BRF:2
BRH:1
end_of_record
TN:
SF:utils/logger.js
FN:1,(anonymous_0)
FN:6,(anonymous_1)
FNF:2
FNH:1
FNDA:10,(anonymous_0)
FNDA:0,(anonymous_1)
DA:1,1
DA:2,10
DA:3,0
DA:6,1
DA:7,0
DA:8,0
DA:12,1
LF:7
LH:4
BRDA:2,0,0,0
BRDA:2,0,1,10
BRDA:7,1,0,0
BRDA:7,1,1,0
BRF:4
BRH:1
end_of_record
TN:
SF:utils/middleware.js
FN:5,(anonymous_0)
FN:13,(anonymous_1)
FN:28,(anonymous_2)
FN:31,(anonymous_3)
FNF:4
FNH:1
FNDA:2,(anonymous_0)
FNDA:0,(anonymous_1)
FNDA:0,(anonymous_2)
FNDA:0,(anonymous_3)
DA:1,1
DA:2,1
DA:3,1
DA:5,1
DA:6,2
DA:7,2
DA:8,2
DA:9,2
DA:10,2
DA:13,1
DA:14,0
DA:15,0
DA:16,0
DA:20,0
DA:21,0
DA:25,0
DA:28,1
DA:29,0
DA:31,1
DA:32,0
DA:34,0
DA:35,0
DA:36,0
DA:37,0
DA:38,0
DA:39,0
DA:40,0
DA:41,0
DA:43,0
DA:46,1
LF:30
LH:13
BRDA:15,0,0,0
BRDA:15,0,1,0
BRDA:15,1,0,0
BRDA:15,1,1,0
BRDA:20,2,0,0
BRDA:20,2,1,0
BRDA:34,3,0,0
BRDA:34,3,1,0
BRDA:36,4,0,0
BRDA:36,4,1,0
BRDA:38,5,0,0
BRDA:38,5,1,0
BRDA:40,6,0,0
BRDA:40,6,1,0
BRF:14
BRH:0
end_of_record
